<?xml version="1.0" encoding="UTF-8"?>
<testsuite xmlns:xsi="http://www.w3.org/2001/XMLSchema-instance" xsi:noNamespaceSchemaLocation="https://maven.apache.org/surefire/maven-surefire-plugin/xsd/surefire-test-report-3.0.xsd" version="3.0" name="com.example.jarvis.JarvisApplicationTests" time="9.474" tests="1" errors="0" skipped="0" failures="0">
  <properties>
[...]
</properties>
  <testcase name="contextLoads" classname="com.example.jarvis.JarvisApplicationTests" time="0.477">
    <system-out><![CDATA[17:12:55.050 [main] INFO org.springframework.test.context.support.AnnotationConfigContextLoaderUtils -- Could not detect default configuration classes for test class [com.example.jarvis.JarvisApplicationTests]: JarvisApplicationTests does not declare any static, non-private, non-final, nested classes annotated with @Configuration.
17:12:55.155 [main] INFO org.springframework.boot.test.context.SpringBootTestContextBootstrapper -- Found @SpringBootConfiguration com.example.jarvis.JarvisApplication for test class com.example.jarvis.JarvisApplicationTests
17:12:55.293 [main] INFO org.springframework.boot.devtools.restart.RestartApplicationListener -- Restart disabled due to context in which it is running

  .   ____          _            __ _ _
 /\\ / ___'_ __ _ _(_)_ __  __ _ \ \ \ \
( ( )\___ | '_ | '_| | '_ \/ _` | \ \ \ \
 \\/  ___)| |_)| | | | | || (_| |  ) ) ) )
  '  |____| .__|_| |_|_| |_\__, | / / / /
 =========|_|==============|___/=/_/_/_/

 :: Spring Boot ::                (v3.3.2)

2024-08-01T17:12:55.642+05:30  INFO 113175 --- [USER-SERVICE] [           main] c.example.jarvis.JarvisApplicationTests  : Starting JarvisApplicationTests using Java 21.0.3 with PID 113175 (started by ttpl-lnv14-08 in /home/ttpl-lnv14-08/Downloads/Jarvis)
2024-08-01T17:12:55.644+05:30  INFO 113175 --- [USER-SERVICE] [           main] c.example.jarvis.JarvisApplicationTests  : No active profile set, falling back to 1 default profile: "default"
2024-08-01T17:12:56.885+05:30  INFO 113175 --- [USER-SERVICE] [           main] .s.d.r.c.RepositoryConfigurationDelegate : Bootstrapping Spring Data JPA repositories in DEFAULT mode.
2024-08-01T17:12:57.038+05:30  INFO 113175 --- [USER-SERVICE] [           main] .s.d.r.c.RepositoryConfigurationDelegate : Finished Spring Data repository scanning in 147 ms. Found 4 JPA repository interfaces.
2024-08-01T17:12:57.340+05:30  INFO 113175 --- [USER-SERVICE] [           main] o.s.cloud.context.scope.GenericScope     : BeanFactory id=767b53b4-b38a-3cfa-af7b-f58249101784
2024-08-01T17:12:57.681+05:30  WARN 113175 --- [USER-SERVICE] [           main] trationDelegate$BeanPostProcessorChecker : Bean 'org.springframework.cloud.client.loadbalancer.LoadBalancerAutoConfiguration$DeferringLoadBalancerInterceptorConfig' of type [org.springframework.cloud.client.loadbalancer.LoadBalancerAutoConfiguration$DeferringLoadBalancerInterceptorConfig] is not eligible for getting processed by all BeanPostProcessors (for example: not eligible for auto-proxying). The currently created BeanPostProcessor [lbRestClientPostProcessor] is declared through a non-static factory method on that class; consider declaring it as static instead.
2024-08-01T17:12:57.686+05:30  WARN 113175 --- [USER-SERVICE] [           main] trationDelegate$BeanPostProcessorChecker : Bean 'deferringLoadBalancerInterceptor' of type [org.springframework.cloud.client.loadbalancer.DeferringLoadBalancerInterceptor] is not eligible for getting processed by all BeanPostProcessors (for example: not eligible for auto-proxying). Is this bean getting eagerly injected into a currently created BeanPostProcessor [lbRestClientPostProcessor]? Check the corresponding BeanPostProcessor declaration and its dependencies.
2024-08-01T17:12:57.861+05:30  INFO 113175 --- [USER-SERVICE] [           main] com.zaxxer.hikari.HikariDataSource       : HikariPool-1 - Starting...
2024-08-01T17:12:58.020+05:30  INFO 113175 --- [USER-SERVICE] [           main] com.zaxxer.hikari.pool.HikariPool        : HikariPool-1 - Added connection org.postgresql.jdbc.PgConnection@68454ed5
2024-08-01T17:12:58.022+05:30  INFO 113175 --- [USER-SERVICE] [           main] com.zaxxer.hikari.HikariDataSource       : HikariPool-1 - Start completed.
2024-08-01T17:12:58.162+05:30  INFO 113175 --- [USER-SERVICE] [           main] liquibase.database                       : Set default schema name to public
2024-08-01T17:12:58.518+05:30  INFO 113175 --- [USER-SERVICE] [           main] liquibase.changelog                      : Reading from public.databasechangelog
2024-08-01T17:12:58.559+05:30  INFO 113175 --- [USER-SERVICE] [           main] liquibase.ui                             : Database is up to date, no changesets to execute
2024-08-01T17:12:58.560+05:30  INFO 113175 --- [USER-SERVICE] [           main] liquibase.changelog                      : Reading from public.databasechangelog
2024-08-01T17:12:58.567+05:30  INFO 113175 --- [USER-SERVICE] [           main] liquibase.util                           : UPDATE SUMMARY
2024-08-01T17:12:58.567+05:30  INFO 113175 --- [USER-SERVICE] [           main] liquibase.util                           : Run:                          0
2024-08-01T17:12:58.567+05:30  INFO 113175 --- [USER-SERVICE] [           main] liquibase.util                           : Previously run:               5
2024-08-01T17:12:58.567+05:30  INFO 113175 --- [USER-SERVICE] [           main] liquibase.util                           : Filtered out:                 0
2024-08-01T17:12:58.567+05:30  INFO 113175 --- [USER-SERVICE] [           main] liquibase.util                           : -------------------------------
2024-08-01T17:12:58.567+05:30  INFO 113175 --- [USER-SERVICE] [           main] liquibase.util                           : Total change sets:            5
2024-08-01T17:12:58.568+05:30  INFO 113175 --- [USER-SERVICE] [           main] liquibase.util                           : Update summary generated
2024-08-01T17:12:58.594+05:30  INFO 113175 --- [USER-SERVICE] [           main] liquibase.lockservice                    : Successfully released change log lock
2024-08-01T17:12:58.595+05:30  INFO 113175 --- [USER-SERVICE] [           main] liquibase.command                        : Command execution complete
2024-08-01T17:12:58.696+05:30  INFO 113175 --- [USER-SERVICE] [           main] o.hibernate.jpa.internal.util.LogHelper  : HHH000204: Processing PersistenceUnitInfo [name: default]
2024-08-01T17:12:58.739+05:30  INFO 113175 --- [USER-SERVICE] [           main] org.hibernate.Version                    : HHH000412: Hibernate ORM core version 6.5.2.Final
2024-08-01T17:12:58.765+05:30  INFO 113175 --- [USER-SERVICE] [           main] o.h.c.internal.RegionFactoryInitiator    : HHH000026: Second-level cache disabled
2024-08-01T17:12:59.045+05:30  INFO 113175 --- [USER-SERVICE] [           main] o.s.o.j.p.SpringPersistenceUnitInfo      : No LoadTimeWeaver setup: ignoring JPA class transformer
2024-08-01T17:12:59.867+05:30  INFO 113175 --- [USER-SERVICE] [           main] o.h.e.t.j.p.i.JtaPlatformInitiator       : HHH000489: No JTA platform available (set 'hibernate.transaction.jta.platform' to enable JTA platform integration)
2024-08-01T17:12:59.869+05:30  INFO 113175 --- [USER-SERVICE] [           main] j.LocalContainerEntityManagerFactoryBean : Initialized JPA EntityManagerFactory for persistence unit 'default'
2024-08-01T17:13:00.312+05:30  WARN 113175 --- [USER-SERVICE] [           main] JpaBaseConfiguration$JpaWebConfiguration : spring.jpa.open-in-view is enabled by default. Therefore, database queries may be performed during view rendering. Explicitly configure spring.jpa.open-in-view to disable this warning
2024-08-01T17:13:00.518+05:30  INFO 113175 --- [USER-SERVICE] [           main] o.s.c.openfeign.FeignClientFactoryBean   : For 'ACCOUNT-SERVICE' URL not provided. Will try picking an instance via load-balancing.
2024-08-01T17:13:02.481+05:30  INFO 113175 --- [USER-SERVICE] [           main] o.s.b.a.e.web.EndpointLinksResolver      : Exposing 1 endpoint beneath base path '/actuator'
2024-08-01T17:13:03.242+05:30  INFO 113175 --- [USER-SERVICE] [           main] DiscoveryClientOptionalArgsConfiguration : Eureka HTTP Client uses RestTemplate.
2024-08-01T17:13:03.287+05:30  WARN 113175 --- [USER-SERVICE] [           main] iguration$LoadBalancerCaffeineWarnLogger : Spring Cloud LoadBalancer is currently working with the default cache. While this cache implementation is useful for development and tests, it's recommended to use Caffeine cache in production.You can switch to using Caffeine cache, by adding it and org.springframework.cache.caffeine.CaffeineCacheManager to the classpath.
2024-08-01T17:13:03.354+05:30  INFO 113175 --- [USER-SERVICE] [           main] o.s.c.n.eureka.InstanceInfoFactory       : Setting initial instance status as: STARTING
2024-08-01T17:13:03.375+05:30  INFO 113175 --- [USER-SERVICE] [           main] com.netflix.discovery.DiscoveryClient    : Initializing Eureka in region us-east-1
2024-08-01T17:13:03.379+05:30  INFO 113175 --- [USER-SERVICE] [           main] c.n.d.s.r.aws.ConfigClusterResolver      : Resolving eureka endpoints via configuration
2024-08-01T17:13:03.387+05:30  INFO 113175 --- [USER-SERVICE] [           main] com.netflix.discovery.DiscoveryClient    : Disable delta property : false
2024-08-01T17:13:03.388+05:30  INFO 113175 --- [USER-SERVICE] [           main] com.netflix.discovery.DiscoveryClient    : Single vip registry refresh property : null
2024-08-01T17:13:03.388+05:30  INFO 113175 --- [USER-SERVICE] [           main] com.netflix.discovery.DiscoveryClient    : Force full registry fetch : false
2024-08-01T17:13:03.388+05:30  INFO 113175 --- [USER-SERVICE] [           main] com.netflix.discovery.DiscoveryClient    : Application is null : false
2024-08-01T17:13:03.388+05:30  INFO 113175 --- [USER-SERVICE] [           main] com.netflix.discovery.DiscoveryClient    : Registered Applications size is zero : true
2024-08-01T17:13:03.388+05:30  INFO 113175 --- [USER-SERVICE] [           main] com.netflix.discovery.DiscoveryClient    : Application version is -1: true
2024-08-01T17:13:03.388+05:30  INFO 113175 --- [USER-SERVICE] [           main] com.netflix.discovery.DiscoveryClient    : Getting all instance registry info from the eureka server
2024-08-01T17:13:03.716+05:30  INFO 113175 --- [USER-SERVICE] [           main] com.netflix.discovery.DiscoveryClient    : The response status is 200
2024-08-01T17:13:03.719+05:30  INFO 113175 --- [USER-SERVICE] [           main] com.netflix.discovery.DiscoveryClient    : Starting heartbeat executor: renew interval is: 30
2024-08-01T17:13:03.721+05:30  INFO 113175 --- [USER-SERVICE] [           main] c.n.discovery.InstanceInfoReplicator     : InstanceInfoReplicator onDemand update allowed rate per min is 4
2024-08-01T17:13:03.723+05:30  INFO 113175 --- [USER-SERVICE] [           main] com.netflix.discovery.DiscoveryClient    : Discovery Client initialized at timestamp 1722512583722 with initial instances count: 3
2024-08-01T17:13:03.733+05:30  INFO 113175 --- [USER-SERVICE] [           main] o.s.c.n.e.s.EurekaServiceRegistry        : Registering application USER-SERVICE with eureka with status UP
2024-08-01T17:13:03.734+05:30  INFO 113175 --- [USER-SERVICE] [           main] com.netflix.discovery.DiscoveryClient    : Saw local status change event StatusChangeEvent [timestamp=1722512583734, current=UP, previous=STARTING]
2024-08-01T17:13:03.735+05:30  INFO 113175 --- [USER-SERVICE] [foReplicator-%d] com.netflix.discovery.DiscoveryClient    : DiscoveryClient_USER-SERVICE/192.168.10.170:USER-SERVICE:9898: registering service...
2024-08-01T17:13:03.764+05:30  INFO 113175 --- [USER-SERVICE] [           main] c.example.jarvis.JarvisApplicationTests  : Started JarvisApplicationTests in 8.49 seconds (process running for 9.443)
2024-08-01T17:13:03.776+05:30  INFO 113175 --- [USER-SERVICE] [foReplicator-%d] com.netflix.discovery.DiscoveryClient    : DiscoveryClient_USER-SERVICE/192.168.10.170:USER-SERVICE:9898 - registration status: 204
]]></system-out>
    <system-err><![CDATA[WARNING: A Java agent has been loaded dynamically (/home/ttpl-lnv14-08/.m2/repository/net/bytebuddy/byte-buddy-agent/1.14.18/byte-buddy-agent-1.14.18.jar)
WARNING: If a serviceability tool is in use, please run with -XX:+EnableDynamicAgentLoading to hide this warning
WARNING: If a serviceability tool is not in use, please run with -Djdk.instrument.traceUsage for more information
WARNING: Dynamic loading of agents will be disallowed by default in a future release
]]></system-err>
  </testcase>
</testsuite>